2025-05-19 02:57:59,601 - __main__ - INFO - Starting web scraper...
2025-05-19 02:57:59,601 - __main__ - INFO - Loading config from: c:\Users\jeffr\OneDrive\Documents\GitHub\brainrot\webscraper\configs\tickers.json
2025-05-19 02:57:59,601 - __main__ - INFO - Loaded 8 tickers: ['AAPL', 'GOOGL', 'MSFT', 'AMZN', 'TSLA', 'BTC', 'ETH', 'DOGE']
2025-05-19 02:57:59,601 - __main__ - INFO - Data directory: c:\Users\jeffr\OneDrive\Documents\GitHub\brainrot\webscraper\data
2025-05-19 02:57:59,601 - __main__ - INFO - Starting continuous scraping...
2025-05-19 02:57:59,603 - __main__ - INFO - Setting up scrapers...
2025-05-19 02:57:59,603 - scraper.news_scraper - INFO - NewsScraper initialized
2025-05-19 02:57:59,603 - __main__ - INFO - Initialized 1 scrapers
2025-05-19 02:57:59,617 - __main__ - INFO - Starting scraping cycle for 8 tickers
2025-05-19 02:57:59,617 - __main__ - INFO - Scraping data for AAPL
2025-05-19 02:57:59,618 - __main__ - INFO - Running news_scraper for AAPL
2025-05-19 02:57:59,618 - scraper.news_scraper - INFO - Starting scrape with query: AAPL
2025-05-19 02:57:59,618 - scraper.news_scraper - INFO - Scraping google_news...
2025-05-19 02:58:13,630 - scraper.news_scraper - INFO - Found 86 articles from google_news
2025-05-19 02:58:15,652 - scraper.news_scraper - INFO - Scraping yahoo_finance...
2025-05-19 02:58:17,801 - scraper.news_scraper - INFO - Scraping marketwatch...
2025-05-19 02:58:19,987 - scraper.news_scraper - INFO - Scraping investing...
2025-05-19 02:58:22,240 - scraper.news_scraper - INFO - Scraping seeking_alpha...
2025-05-19 02:58:24,314 - scraper.news_scraper - INFO - Scraping benzinga...
2025-05-19 02:58:26,367 - __main__ - INFO - Successfully saved 10 items to c:\Users\jeffr\OneDrive\Documents\GitHub\brainrot\webscraper\data\AAPL_news_scraper_20250519_025826.jsonl
2025-05-19 02:58:26,368 - __main__ - INFO - File c:\Users\jeffr\OneDrive\Documents\GitHub\brainrot\webscraper\data\AAPL_news_scraper_20250519_025826.jsonl created with size 12022 bytes
2025-05-19 02:58:26,369 - __main__ - INFO - Waiting 5 seconds before next ticker...
2025-05-19 02:58:31,382 - __main__ - INFO - Scraping data for GOOGL
2025-05-19 02:58:31,383 - __main__ - INFO - Running news_scraper for GOOGL
2025-05-19 02:58:31,383 - scraper.news_scraper - INFO - Starting scrape with query: GOOGL
2025-05-19 02:58:31,383 - scraper.news_scraper - INFO - Scraping google_news...
2025-05-19 03:02:40,539 - __main__ - INFO - Starting web scraper...
2025-05-19 03:02:40,539 - __main__ - INFO - Loading config from: c:\Users\jeffr\OneDrive\Documents\GitHub\brainrot\webscraper\configs\tickers.json
2025-05-19 03:02:40,540 - __main__ - INFO - Loaded 8 tickers: ['AAPL', 'GOOGL', 'MSFT', 'AMZN', 'TSLA', 'BTC', 'ETH', 'DOGE']
2025-05-19 03:02:40,540 - __main__ - INFO - Data directory: c:\Users\jeffr\OneDrive\Documents\GitHub\brainrot\webscraper\data
2025-05-19 03:02:40,540 - __main__ - INFO - Starting continuous scraping...
2025-05-19 03:02:40,541 - __main__ - INFO - Setting up scrapers...
2025-05-19 03:02:40,541 - scraper.news_scraper - INFO - NewsScraper initialized
2025-05-19 03:02:40,541 - __main__ - INFO - Initialized 1 scrapers
2025-05-19 03:02:40,541 - __main__ - INFO - Starting scraping cycle for 8 tickers
2025-05-19 03:02:40,541 - __main__ - INFO - Scraping data for AAPL
2025-05-19 03:02:40,541 - __main__ - INFO - Running news_scraper for AAPL
2025-05-19 03:02:40,542 - scraper.news_scraper - INFO - Starting scrape with query: AAPL
2025-05-19 03:02:40,542 - scraper.news_scraper - INFO - Scraping google_news...
2025-05-19 03:03:10,618 - scraper.news_scraper - INFO - Scraping yahoo_finance...
2025-05-19 03:03:12,710 - scraper.news_scraper - INFO - Scraping marketwatch...
2025-05-19 03:03:14,912 - scraper.news_scraper - INFO - Scraping investing...
2025-05-19 03:03:17,167 - scraper.news_scraper - INFO - Scraping seeking_alpha...
2025-05-19 03:03:19,197 - scraper.news_scraper - INFO - Scraping benzinga...
2025-05-19 03:03:23,009 - scraper.news_scraper - INFO - No articles found from primary sources, trying Google News fallback...
2025-05-19 03:03:50,995 - __main__ - WARNING - No data found for AAPL using news_scraper
2025-05-19 03:03:50,995 - __main__ - INFO - Waiting 5 seconds before next ticker...
2025-05-19 03:03:56,008 - __main__ - INFO - Scraping data for GOOGL
2025-05-19 03:03:56,008 - __main__ - INFO - Running news_scraper for GOOGL
2025-05-19 03:03:56,008 - scraper.news_scraper - INFO - Starting scrape with query: GOOGL
2025-05-19 03:03:56,009 - scraper.news_scraper - INFO - Scraping google_news...
2025-05-19 03:04:27,244 - scraper.news_scraper - INFO - Scraping yahoo_finance...
2025-05-19 03:04:29,340 - scraper.news_scraper - INFO - Scraping marketwatch...
2025-05-19 03:04:31,513 - scraper.news_scraper - INFO - Scraping investing...
2025-05-19 03:04:33,603 - scraper.news_scraper - INFO - Scraping seeking_alpha...
2025-05-19 03:04:35,635 - scraper.news_scraper - INFO - Scraping benzinga...
2025-05-19 03:04:37,695 - scraper.news_scraper - INFO - No articles found from primary sources, trying Google News fallback...
2025-05-19 03:05:06,899 - __main__ - WARNING - No data found for GOOGL using news_scraper
2025-05-19 03:05:06,900 - __main__ - INFO - Waiting 5 seconds before next ticker...
2025-05-19 03:05:11,904 - __main__ - INFO - Scraping data for MSFT
2025-05-19 03:05:11,904 - __main__ - INFO - Running news_scraper for MSFT
2025-05-19 03:05:11,905 - scraper.news_scraper - INFO - Starting scrape with query: MSFT
2025-05-19 03:05:11,905 - scraper.news_scraper - INFO - Scraping google_news...
2025-05-19 03:05:41,843 - scraper.news_scraper - INFO - Scraping yahoo_finance...
2025-05-19 03:05:43,953 - scraper.news_scraper - INFO - Scraping marketwatch...
2025-05-19 03:05:46,098 - scraper.news_scraper - INFO - Scraping investing...
2025-05-19 03:05:48,338 - scraper.news_scraper - INFO - Scraping seeking_alpha...
2025-05-19 03:05:50,393 - scraper.news_scraper - INFO - Scraping benzinga...
2025-05-19 03:05:54,424 - scraper.news_scraper - INFO - No articles found from primary sources, trying Google News fallback...
2025-05-19 03:06:21,735 - __main__ - WARNING - No data found for MSFT using news_scraper
2025-05-19 03:06:21,736 - __main__ - INFO - Waiting 5 seconds before next ticker...
2025-05-19 03:06:26,741 - __main__ - INFO - Scraping data for AMZN
2025-05-19 03:06:26,741 - __main__ - INFO - Running news_scraper for AMZN
2025-05-19 03:06:26,742 - scraper.news_scraper - INFO - Starting scrape with query: AMZN
2025-05-19 03:06:26,742 - scraper.news_scraper - INFO - Scraping google_news...
2025-05-19 03:06:42,901 - scraper.news_scraper - INFO - Scraping yahoo_finance...
2025-05-19 03:06:44,947 - scraper.news_scraper - INFO - Scraping marketwatch...
2025-05-19 03:06:47,093 - scraper.news_scraper - INFO - Scraping investing...
2025-05-19 03:06:49,199 - scraper.news_scraper - INFO - Scraping seeking_alpha...
2025-05-19 03:06:51,262 - scraper.news_scraper - INFO - Scraping benzinga...
2025-05-19 03:06:53,315 - scraper.news_scraper - INFO - No articles found from primary sources, trying Google News fallback...
2025-05-19 03:07:06,603 - __main__ - WARNING - No data found for AMZN using news_scraper
2025-05-19 03:07:06,604 - __main__ - INFO - Waiting 5 seconds before next ticker...
2025-05-19 03:07:11,612 - __main__ - INFO - Scraping data for TSLA
2025-05-19 03:07:11,612 - __main__ - INFO - Running news_scraper for TSLA
2025-05-19 03:07:11,613 - scraper.news_scraper - INFO - Starting scrape with query: TSLA
2025-05-19 03:07:11,613 - scraper.news_scraper - INFO - Scraping google_news...
2025-05-19 03:07:41,388 - scraper.news_scraper - INFO - Scraping yahoo_finance...
2025-05-19 03:07:43,419 - scraper.news_scraper - INFO - Scraping marketwatch...
2025-05-19 03:07:45,524 - scraper.news_scraper - INFO - Scraping investing...
2025-05-19 03:07:47,772 - scraper.news_scraper - INFO - Scraping seeking_alpha...
2025-05-19 03:07:49,804 - scraper.news_scraper - INFO - Scraping benzinga...
2025-05-19 03:07:51,858 - scraper.news_scraper - INFO - No articles found from primary sources, trying Google News fallback...
2025-05-19 03:10:18,305 - __main__ - INFO - Starting web scraper...
2025-05-19 03:10:18,305 - __main__ - INFO - Loading config from: c:\Users\jeffr\OneDrive\Documents\GitHub\brainrot\webscraper\configs\tickers.json
2025-05-19 03:10:18,306 - __main__ - INFO - Loaded 8 tickers: ['AAPL', 'GOOGL', 'MSFT', 'AMZN', 'TSLA', 'BTC', 'ETH', 'DOGE']
2025-05-19 03:10:18,306 - __main__ - INFO - Data directory: c:\Users\jeffr\OneDrive\Documents\GitHub\brainrot\webscraper\data
2025-05-19 03:10:18,306 - __main__ - INFO - Starting continuous scraping...
2025-05-19 03:10:18,306 - __main__ - INFO - Setting up scrapers...
2025-05-19 03:10:18,306 - scraper.news_scraper - INFO - NewsScraper initialized
2025-05-19 03:10:18,306 - __main__ - INFO - Initialized 1 scrapers
2025-05-19 03:10:18,307 - __main__ - INFO - Starting scraping cycle for 8 tickers
2025-05-19 03:10:18,307 - __main__ - INFO - Scraping data for AAPL
2025-05-19 03:10:18,307 - __main__ - INFO - Running news_scraper for AAPL
2025-05-19 03:10:18,307 - scraper.news_scraper - INFO - Starting scrape with query: AAPL
2025-05-19 03:10:18,307 - scraper.news_scraper - INFO - Scraping google_news...
2025-05-19 03:10:18,846 - scraper.news_scraper - INFO - Found 87 articles from google_news
2025-05-19 03:10:20,855 - scraper.news_scraper - INFO - Scraping yahoo_finance...
2025-05-19 03:10:22,891 - scraper.news_scraper - INFO - Scraping marketwatch...
2025-05-19 03:10:25,061 - scraper.news_scraper - INFO - Scraping investing...
2025-05-19 03:10:27,165 - scraper.news_scraper - INFO - Scraping seeking_alpha...
2025-05-19 03:10:29,228 - scraper.news_scraper - INFO - Scraping benzinga...
2025-05-19 03:10:32,956 - __main__ - INFO - Successfully saved 10 items to c:\Users\jeffr\OneDrive\Documents\GitHub\brainrot\webscraper\data\AAPL_news_scraper_20250519_031032.jsonl
2025-05-19 03:10:32,956 - __main__ - INFO - File c:\Users\jeffr\OneDrive\Documents\GitHub\brainrot\webscraper\data\AAPL_news_scraper_20250519_031032.jsonl created with size 12022 bytes
2025-05-19 03:10:32,958 - __main__ - INFO - Waiting 5 seconds before next ticker...
2025-05-19 03:10:37,969 - __main__ - INFO - Scraping data for GOOGL
2025-05-19 03:10:37,969 - __main__ - INFO - Running news_scraper for GOOGL
2025-05-19 03:10:37,970 - scraper.news_scraper - INFO - Starting scrape with query: GOOGL
2025-05-19 03:10:37,970 - scraper.news_scraper - INFO - Scraping google_news...
2025-05-19 03:10:38,418 - scraper.news_scraper - INFO - Found 92 articles from google_news
2025-05-19 03:10:40,430 - scraper.news_scraper - INFO - Scraping yahoo_finance...
2025-05-19 03:10:42,534 - scraper.news_scraper - INFO - Scraping marketwatch...
2025-05-19 03:10:44,695 - scraper.news_scraper - INFO - Scraping investing...
2025-05-19 03:10:46,786 - scraper.news_scraper - INFO - Scraping seeking_alpha...
2025-05-19 03:10:48,822 - scraper.news_scraper - INFO - Scraping benzinga...
2025-05-19 03:10:50,880 - __main__ - INFO - Successfully saved 10 items to c:\Users\jeffr\OneDrive\Documents\GitHub\brainrot\webscraper\data\GOOGL_news_scraper_20250519_031050.jsonl
2025-05-19 03:10:50,881 - __main__ - INFO - File c:\Users\jeffr\OneDrive\Documents\GitHub\brainrot\webscraper\data\GOOGL_news_scraper_20250519_031050.jsonl created with size 13573 bytes
2025-05-19 03:10:50,882 - __main__ - INFO - Waiting 5 seconds before next ticker...
2025-05-19 03:10:55,893 - __main__ - INFO - Scraping data for MSFT
2025-05-19 03:10:55,893 - __main__ - INFO - Running news_scraper for MSFT
2025-05-19 03:10:55,893 - scraper.news_scraper - INFO - Starting scrape with query: MSFT
2025-05-19 03:10:55,893 - scraper.news_scraper - INFO - Scraping google_news...
2025-05-19 03:10:56,391 - scraper.news_scraper - INFO - Found 87 articles from google_news
2025-05-19 03:10:58,394 - scraper.news_scraper - INFO - Scraping yahoo_finance...
2025-05-19 03:11:00,471 - scraper.news_scraper - INFO - Scraping marketwatch...
2025-05-19 03:11:02,630 - scraper.news_scraper - INFO - Scraping investing...
2025-05-19 03:11:04,866 - scraper.news_scraper - INFO - Scraping seeking_alpha...
2025-05-19 03:11:06,897 - scraper.news_scraper - INFO - Scraping benzinga...
2025-05-19 03:11:08,946 - __main__ - INFO - Successfully saved 10 items to c:\Users\jeffr\OneDrive\Documents\GitHub\brainrot\webscraper\data\MSFT_news_scraper_20250519_031108.jsonl
2025-05-19 03:11:08,946 - __main__ - INFO - File c:\Users\jeffr\OneDrive\Documents\GitHub\brainrot\webscraper\data\MSFT_news_scraper_20250519_031108.jsonl created with size 13309 bytes
2025-05-19 03:11:08,947 - __main__ - INFO - Waiting 5 seconds before next ticker...
2025-05-19 03:11:13,956 - __main__ - INFO - Scraping data for AMZN
2025-05-19 03:11:13,956 - __main__ - INFO - Running news_scraper for AMZN
2025-05-19 03:11:13,957 - scraper.news_scraper - INFO - Starting scrape with query: AMZN
2025-05-19 03:11:13,957 - scraper.news_scraper - INFO - Scraping google_news...
2025-05-19 03:11:14,519 - scraper.news_scraper - INFO - Found 43 articles from google_news
2025-05-19 03:11:16,527 - scraper.news_scraper - INFO - Scraping yahoo_finance...
2025-05-19 03:11:18,647 - scraper.news_scraper - INFO - Scraping marketwatch...
2025-05-19 03:11:20,742 - scraper.news_scraper - INFO - Scraping investing...
2025-05-19 03:11:22,852 - scraper.news_scraper - INFO - Scraping seeking_alpha...
2025-05-19 03:11:24,909 - scraper.news_scraper - INFO - Scraping benzinga...
2025-05-19 03:11:26,960 - __main__ - INFO - Successfully saved 10 items to c:\Users\jeffr\OneDrive\Documents\GitHub\brainrot\webscraper\data\AMZN_news_scraper_20250519_031126.jsonl
2025-05-19 03:11:26,960 - __main__ - INFO - File c:\Users\jeffr\OneDrive\Documents\GitHub\brainrot\webscraper\data\AMZN_news_scraper_20250519_031126.jsonl created with size 11845 bytes
2025-05-19 03:11:26,961 - __main__ - INFO - Waiting 5 seconds before next ticker...
2025-05-19 03:11:31,974 - __main__ - INFO - Scraping data for TSLA
2025-05-19 03:11:31,974 - __main__ - INFO - Running news_scraper for TSLA
2025-05-19 03:11:31,975 - scraper.news_scraper - INFO - Starting scrape with query: TSLA
2025-05-19 03:11:31,975 - scraper.news_scraper - INFO - Scraping google_news...
2025-05-19 03:11:32,480 - scraper.news_scraper - INFO - Found 88 articles from google_news
2025-05-19 03:11:34,481 - scraper.news_scraper - INFO - Scraping yahoo_finance...
2025-05-19 03:11:36,621 - scraper.news_scraper - INFO - Scraping marketwatch...
2025-05-19 03:11:38,775 - scraper.news_scraper - INFO - Scraping investing...
2025-05-19 03:11:40,996 - scraper.news_scraper - INFO - Scraping seeking_alpha...
2025-05-19 03:11:43,055 - scraper.news_scraper - INFO - Scraping benzinga...
2025-05-19 03:11:45,115 - __main__ - INFO - Successfully saved 10 items to c:\Users\jeffr\OneDrive\Documents\GitHub\brainrot\webscraper\data\TSLA_news_scraper_20250519_031145.jsonl
2025-05-19 03:11:45,115 - __main__ - INFO - File c:\Users\jeffr\OneDrive\Documents\GitHub\brainrot\webscraper\data\TSLA_news_scraper_20250519_031145.jsonl created with size 12127 bytes
2025-05-19 03:11:45,116 - __main__ - INFO - Waiting 5 seconds before next ticker...
2025-05-19 03:11:50,123 - __main__ - INFO - Scraping data for BTC
2025-05-19 03:11:50,124 - __main__ - INFO - Running news_scraper for BTC
2025-05-19 03:11:50,125 - scraper.news_scraper - INFO - Starting scrape with query: BTC
2025-05-19 03:11:50,125 - scraper.news_scraper - INFO - Scraping google_news...
2025-05-19 03:11:50,556 - scraper.news_scraper - INFO - Found 39 articles from google_news
2025-05-19 03:11:52,569 - scraper.news_scraper - INFO - Scraping yahoo_finance...
2025-05-19 03:11:54,677 - scraper.news_scraper - INFO - Scraping marketwatch...
2025-05-19 03:11:56,831 - scraper.news_scraper - INFO - Scraping investing...
2025-05-19 03:11:59,049 - scraper.news_scraper - INFO - Scraping seeking_alpha...
2025-05-19 03:12:01,077 - scraper.news_scraper - INFO - Scraping benzinga...
2025-05-19 03:12:05,020 - __main__ - INFO - Successfully saved 10 items to c:\Users\jeffr\OneDrive\Documents\GitHub\brainrot\webscraper\data\BTC_news_scraper_20250519_031205.jsonl
2025-05-19 03:12:05,020 - __main__ - INFO - File c:\Users\jeffr\OneDrive\Documents\GitHub\brainrot\webscraper\data\BTC_news_scraper_20250519_031205.jsonl created with size 14806 bytes
2025-05-19 03:12:05,022 - __main__ - INFO - Waiting 5 seconds before next ticker...
2025-05-19 03:12:10,035 - __main__ - INFO - Scraping data for ETH
2025-05-19 03:12:10,035 - __main__ - INFO - Running news_scraper for ETH
2025-05-19 03:12:10,036 - scraper.news_scraper - INFO - Starting scrape with query: ETH
2025-05-19 03:12:10,036 - scraper.news_scraper - INFO - Scraping google_news...
2025-05-19 03:12:10,641 - scraper.news_scraper - INFO - Found 96 articles from google_news
2025-05-19 03:12:12,649 - scraper.news_scraper - INFO - Scraping yahoo_finance...
2025-05-19 03:12:14,856 - scraper.news_scraper - INFO - Scraping marketwatch...
2025-05-19 03:12:16,971 - scraper.news_scraper - INFO - Scraping investing...
2025-05-19 03:12:19,229 - scraper.news_scraper - INFO - Scraping seeking_alpha...
2025-05-19 03:12:21,285 - scraper.news_scraper - INFO - Scraping benzinga...
2025-05-19 03:12:23,386 - __main__ - INFO - Successfully saved 10 items to c:\Users\jeffr\OneDrive\Documents\GitHub\brainrot\webscraper\data\ETH_news_scraper_20250519_031223.jsonl
2025-05-19 03:12:23,386 - __main__ - INFO - File c:\Users\jeffr\OneDrive\Documents\GitHub\brainrot\webscraper\data\ETH_news_scraper_20250519_031223.jsonl created with size 16552 bytes
2025-05-19 03:12:23,387 - __main__ - INFO - Waiting 5 seconds before next ticker...
2025-05-19 03:12:28,401 - __main__ - INFO - Scraping data for DOGE
2025-05-19 03:12:28,401 - __main__ - INFO - Running news_scraper for DOGE
2025-05-19 03:12:28,402 - scraper.news_scraper - INFO - Starting scrape with query: DOGE
2025-05-19 03:12:28,402 - scraper.news_scraper - INFO - Scraping google_news...
2025-05-19 03:12:28,933 - scraper.news_scraper - INFO - Found 89 articles from google_news
2025-05-19 03:12:30,936 - scraper.news_scraper - INFO - Scraping yahoo_finance...
2025-05-19 03:12:33,043 - scraper.news_scraper - INFO - Scraping marketwatch...
2025-05-19 03:12:35,245 - scraper.news_scraper - INFO - Scraping investing...
2025-05-19 03:12:37,481 - scraper.news_scraper - INFO - Scraping seeking_alpha...
2025-05-19 03:12:39,520 - scraper.news_scraper - INFO - Scraping benzinga...
2025-05-19 03:12:41,586 - __main__ - INFO - Successfully saved 10 items to c:\Users\jeffr\OneDrive\Documents\GitHub\brainrot\webscraper\data\DOGE_news_scraper_20250519_031241.jsonl
2025-05-19 03:12:41,587 - __main__ - INFO - File c:\Users\jeffr\OneDrive\Documents\GitHub\brainrot\webscraper\data\DOGE_news_scraper_20250519_031241.jsonl created with size 16183 bytes
2025-05-19 03:12:41,587 - __main__ - INFO - Completed scraping cycle. Waiting 300 seconds...
2025-05-19 03:17:41,598 - __main__ - INFO - Starting scraping cycle for 8 tickers
2025-05-19 03:17:41,598 - __main__ - INFO - Scraping data for AAPL
2025-05-19 03:17:41,599 - __main__ - INFO - Running news_scraper for AAPL
2025-05-19 03:17:41,599 - scraper.news_scraper - INFO - Starting scrape with query: AAPL
2025-05-19 03:17:41,599 - scraper.news_scraper - INFO - Scraping google_news...
2025-05-19 03:17:42,243 - scraper.news_scraper - INFO - Found 86 articles from google_news
2025-05-19 03:17:44,246 - scraper.news_scraper - INFO - Scraping yahoo_finance...
2025-05-19 03:17:46,295 - scraper.news_scraper - INFO - Scraping marketwatch...
2025-05-19 03:17:48,439 - scraper.news_scraper - INFO - Scraping investing...
2025-05-19 03:17:50,684 - scraper.news_scraper - INFO - Scraping seeking_alpha...
2025-05-19 03:17:52,725 - scraper.news_scraper - INFO - Scraping benzinga...
2025-05-19 03:17:54,791 - __main__ - INFO - Successfully saved 10 items to c:\Users\jeffr\OneDrive\Documents\GitHub\brainrot\webscraper\data\AAPL_news_scraper_20250519_031754.jsonl
2025-05-19 03:17:54,792 - __main__ - INFO - File c:\Users\jeffr\OneDrive\Documents\GitHub\brainrot\webscraper\data\AAPL_news_scraper_20250519_031754.jsonl created with size 12022 bytes
2025-05-19 03:17:54,793 - __main__ - INFO - Waiting 5 seconds before next ticker...
2025-05-19 03:17:59,812 - __main__ - INFO - Scraping data for GOOGL
2025-05-19 03:17:59,813 - __main__ - INFO - Running news_scraper for GOOGL
2025-05-19 03:17:59,813 - scraper.news_scraper - INFO - Starting scrape with query: GOOGL
2025-05-19 03:17:59,813 - scraper.news_scraper - INFO - Scraping google_news...
2025-05-19 03:18:00,260 - scraper.news_scraper - INFO - Found 92 articles from google_news
2025-05-19 03:18:02,276 - scraper.news_scraper - INFO - Scraping yahoo_finance...
2025-05-19 03:18:04,368 - scraper.news_scraper - INFO - Scraping marketwatch...
2025-05-19 03:18:06,528 - scraper.news_scraper - INFO - Scraping investing...
2025-05-19 03:18:08,626 - scraper.news_scraper - INFO - Scraping seeking_alpha...
2025-05-19 03:18:10,688 - scraper.news_scraper - INFO - Scraping benzinga...
2025-05-19 03:18:12,753 - __main__ - INFO - Successfully saved 10 items to c:\Users\jeffr\OneDrive\Documents\GitHub\brainrot\webscraper\data\GOOGL_news_scraper_20250519_031812.jsonl
2025-05-19 03:18:12,753 - __main__ - INFO - File c:\Users\jeffr\OneDrive\Documents\GitHub\brainrot\webscraper\data\GOOGL_news_scraper_20250519_031812.jsonl created with size 13573 bytes
2025-05-19 03:18:12,754 - __main__ - INFO - Waiting 5 seconds before next ticker...
2025-05-19 03:18:17,748 - __main__ - INFO - Scraping data for MSFT
2025-05-19 03:18:17,749 - __main__ - INFO - Running news_scraper for MSFT
2025-05-19 03:18:17,750 - scraper.news_scraper - INFO - Starting scrape with query: MSFT
2025-05-19 03:18:17,750 - scraper.news_scraper - INFO - Scraping google_news...
2025-05-19 03:18:18,260 - scraper.news_scraper - INFO - Found 87 articles from google_news
2025-05-19 03:18:20,268 - scraper.news_scraper - INFO - Scraping yahoo_finance...
2025-05-19 03:18:22,385 - scraper.news_scraper - INFO - Scraping marketwatch...
2025-05-19 03:18:24,543 - scraper.news_scraper - INFO - Scraping investing...
2025-05-19 03:18:26,648 - scraper.news_scraper - INFO - Scraping seeking_alpha...
2025-05-19 03:18:28,709 - scraper.news_scraper - INFO - Scraping benzinga...
2025-05-19 03:18:30,779 - __main__ - INFO - Successfully saved 10 items to c:\Users\jeffr\OneDrive\Documents\GitHub\brainrot\webscraper\data\MSFT_news_scraper_20250519_031830.jsonl
2025-05-19 03:18:30,779 - __main__ - INFO - File c:\Users\jeffr\OneDrive\Documents\GitHub\brainrot\webscraper\data\MSFT_news_scraper_20250519_031830.jsonl created with size 13309 bytes
2025-05-19 03:18:30,780 - __main__ - INFO - Waiting 5 seconds before next ticker...
2025-05-19 03:18:35,789 - __main__ - INFO - Scraping data for AMZN
2025-05-19 03:18:35,789 - __main__ - INFO - Running news_scraper for AMZN
2025-05-19 03:18:35,789 - scraper.news_scraper - INFO - Starting scrape with query: AMZN
2025-05-19 03:18:35,790 - scraper.news_scraper - INFO - Scraping google_news...
2025-05-19 03:18:36,365 - scraper.news_scraper - INFO - Found 43 articles from google_news
